/*C1*/SET SCHEMA SYSTEM_LOBS
INSERT INTO BLOCKS VALUES(0,2147483647,0)
COMMIT
/*C2*/SET SCHEMA PUBLIC
CREATE TABLE IF NOT EXISTS floz_test(forename VARCHAR(100), surname VARCHAR(100))
INSERT INTO FLOZ_TEST VALUES('Laurence','Martin')
COMMIT
INSERT INTO FLOZ_TEST VALUES('Hello','World')
COMMIT
INSERT INTO FLOZ_TEST VALUES('Jelly','Plate')
COMMIT
/*C3*/SET SCHEMA PUBLIC
DISCONNECT
/*C4*/SET SCHEMA PUBLIC
CREATE TABLE Passenger(ID CHAR(36), FName VARCHAR(100), LName VARCHAR(100), Age INT, PRIMARY KEY(ID))
CREATE TABLE Booking(ID CHAR(36), Date DATE, Destination VARCHAR(100), FlightClass CHAR(1), FlightType CHAR(1),FlightCompany VARCHAR(100), PassengerType CHAR(1), PassengerID CHAR(36), PRIMARY KEY(ID), FOREIGN KEY(PassengerID) REFERENCES Passenger(ID))
DISCONNECT
/*C8*/SET SCHEMA PUBLIC
DISCONNECT
/*C6*/SET SCHEMA PUBLIC
DISCONNECT
/*C5*/SET SCHEMA PUBLIC
DISCONNECT
/*C7*/SET SCHEMA PUBLIC
DISCONNECT
/*C9*/SET SCHEMA PUBLIC
DISCONNECT
/*C11*/SET SCHEMA PUBLIC
DISCONNECT
